Using pre-set license
Built from '2021.3/staging' branch; Version is '2021.3.7f1 (24e8595d6d43) revision 2418777'; Using compiler version '192829333'; Build Type 'Release'
OS: 'Windows 10  (10.0.19044) 64bit CoreSingleLanguage' Language: 'ru' Physical Memory: 7930 MB
BatchMode: 1, IsHumanControllingUs: 0, StartBugReporterOnCrash: 0, Is64bit: 1, IsPro: 1

COMMAND LINE ARGUMENTS:
C:\Program Files\Unity\Hub\Editor\2021.3.7f1\Editor\Unity.exe
-adb2
-batchMode
-noUpm
-name
AssetImportWorker0
-projectPath
C:/Users/user/Documents/GitHub/CosmoSimClone
-logFile
Logs/AssetImportWorker0.log
-srvPort
56097
Successfully changed project path to: C:/Users/user/Documents/GitHub/CosmoSimClone
C:/Users/user/Documents/GitHub/CosmoSimClone
[UnityMemory] Configuration Parameters - Can be set up in boot.config
    "memorysetup-bucket-allocator-granularity=16"
    "memorysetup-bucket-allocator-bucket-count=8"
    "memorysetup-bucket-allocator-block-size=33554432"
    "memorysetup-bucket-allocator-block-count=8"
    "memorysetup-main-allocator-block-size=16777216"
    "memorysetup-thread-allocator-block-size=16777216"
    "memorysetup-gfx-main-allocator-block-size=16777216"
    "memorysetup-gfx-thread-allocator-block-size=16777216"
    "memorysetup-cache-allocator-block-size=4194304"
    "memorysetup-typetree-allocator-block-size=2097152"
    "memorysetup-profiler-bucket-allocator-granularity=16"
    "memorysetup-profiler-bucket-allocator-bucket-count=8"
    "memorysetup-profiler-bucket-allocator-block-size=33554432"
    "memorysetup-profiler-bucket-allocator-block-count=8"
    "memorysetup-profiler-allocator-block-size=16777216"
    "memorysetup-profiler-editor-allocator-block-size=1048576"
    "memorysetup-temp-allocator-size-main=16777216"
    "memorysetup-job-temp-allocator-block-size=2097152"
    "memorysetup-job-temp-allocator-block-size-background=1048576"
    "memorysetup-job-temp-allocator-reduction-small-platforms=262144"
    "memorysetup-temp-allocator-size-background-worker=32768"
    "memorysetup-temp-allocator-size-job-worker=262144"
    "memorysetup-temp-allocator-size-preload-manager=33554432"
    "memorysetup-temp-allocator-size-nav-mesh-worker=65536"
    "memorysetup-temp-allocator-size-audio-worker=65536"
    "memorysetup-temp-allocator-size-cloud-worker=32768"
    "memorysetup-temp-allocator-size-gi-baking-worker=262144"
    "memorysetup-temp-allocator-size-gfx=262144"
Refreshing native plugins compatible for Editor in 93.62 ms, found 3 plugins.
Preloading 0 native plugins for Editor in 0.00 ms.
Initialize engine version: 2021.3.7f1 (24e8595d6d43)
[Subsystems] Discovering subsystems at path C:/Program Files/Unity/Hub/Editor/2021.3.7f1/Editor/Data/Resources/UnitySubsystems
[Subsystems] Discovering subsystems at path C:/Users/user/Documents/GitHub/CosmoSimClone/Assets
GfxDevice: creating device client; threaded=0; jobified=0
Direct3D:
    Version:  Direct3D 11.0 [level 11.1]
    Renderer: NVIDIA GeForce MX330 (ID=0x1d16)
    Vendor:   NVIDIA
    VRAM:     1982 MB
    Driver:   31.0.15.2824
Initialize mono
Mono path[0] = 'C:/Program Files/Unity/Hub/Editor/2021.3.7f1/Editor/Data/Managed'
Mono path[1] = 'C:/Program Files/Unity/Hub/Editor/2021.3.7f1/Editor/Data/MonoBleedingEdge/lib/mono/unityjit-win32'
Mono config path = 'C:/Program Files/Unity/Hub/Editor/2021.3.7f1/Editor/Data/MonoBleedingEdge/etc'
Using monoOptions --debugger-agent=transport=dt_socket,embedding=1,server=y,suspend=n,address=127.0.0.1:56376
Begin MonoManager ReloadAssembly
Registering precompiled unity dll's ...
Register platform support module: C:/Program Files/Unity/Hub/Editor/2021.3.7f1/Editor/Data/PlaybackEngines/AndroidPlayer/UnityEditor.Android.Extensions.dll
Register platform support module: C:/Program Files/Unity/Hub/Editor/2021.3.7f1/Editor/Data/PlaybackEngines/WindowsStandaloneSupport/UnityEditor.WindowsStandalone.Extensions.dll
Registered in 0.012083 seconds.
Native extension for WindowsStandalone target not found
Native extension for Android target not found
Refreshing native plugins compatible for Editor in 97.18 ms, found 3 plugins.
Preloading 0 native plugins for Editor in 0.00 ms.
Mono: successfully reloaded assembly
- Completed reload, in  0.927 seconds
Domain Reload Profiling:
	ReloadAssembly (928ms)
		BeginReloadAssembly (120ms)
			ExecutionOrderSort (0ms)
			DisableScriptedObjects (0ms)
			BackupInstance (0ms)
			ReleaseScriptingObjects (0ms)
			CreateAndSetChildDomain (1ms)
		EndReloadAssembly (641ms)
			LoadAssemblies (117ms)
			RebuildTransferFunctionScriptingTraits (0ms)
			SetupTypeCache (156ms)
			ReleaseScriptCaches (0ms)
			RebuildScriptCaches (41ms)
			SetupLoadedEditorAssemblies (379ms)
				LogAssemblyErrors (0ms)
				InitializePlatformSupportModulesInManaged (73ms)
				SetLoadedEditorAssemblies (0ms)
				RefreshPlugins (97ms)
				BeforeProcessingInitializeOnLoad (2ms)
				ProcessInitializeOnLoadAttributes (141ms)
				ProcessInitializeOnLoadMethodAttributes (66ms)
				AfterProcessingInitializeOnLoad (0ms)
				EditorAssembliesLoaded (0ms)
			ExecutionOrderSort2 (0ms)
			AwakeInstancesAfterBackupRestoration (0ms)
Platform modules already initialized, skipping
Registering precompiled user dll's ...
Registered in 0.009001 seconds.
Begin MonoManager ReloadAssembly
Native extension for WindowsStandalone target not found
Native extension for Android target not found
Refreshing native plugins compatible for Editor in 0.58 ms, found 3 plugins.
Preloading 0 native plugins for Editor in 0.00 ms.
Mono: successfully reloaded assembly
- Completed reload, in  1.840 seconds
Domain Reload Profiling:
	ReloadAssembly (1841ms)
		BeginReloadAssembly (381ms)
			ExecutionOrderSort (0ms)
			DisableScriptedObjects (7ms)
			BackupInstance (0ms)
			ReleaseScriptingObjects (0ms)
			CreateAndSetChildDomain (159ms)
		EndReloadAssembly (1221ms)
			LoadAssemblies (238ms)
			RebuildTransferFunctionScriptingTraits (0ms)
			SetupTypeCache (472ms)
			ReleaseScriptCaches (1ms)
			RebuildScriptCaches (72ms)
			SetupLoadedEditorAssemblies (480ms)
				LogAssemblyErrors (0ms)
				InitializePlatformSupportModulesInManaged (17ms)
				SetLoadedEditorAssemblies (1ms)
				RefreshPlugins (1ms)
				BeforeProcessingInitializeOnLoad (105ms)
				ProcessInitializeOnLoadAttributes (311ms)
				ProcessInitializeOnLoadMethodAttributes (35ms)
				AfterProcessingInitializeOnLoad (11ms)
				EditorAssembliesLoaded (0ms)
			ExecutionOrderSort2 (0ms)
			AwakeInstancesAfterBackupRestoration (10ms)
Platform modules already initialized, skipping
========================================================================
Worker process is ready to serve import requests
Launched and connected shader compiler UnityShaderCompiler.exe after 0.06 seconds
Refreshing native plugins compatible for Editor in 0.73 ms, found 3 plugins.
Preloading 0 native plugins for Editor in 0.00 ms.
Unloading 3369 Unused Serialized files (Serialized files now loaded: 0)
Unloading 24 unused Assets / (55.3 KB). Loaded Objects now: 3830.
Memory consumption went from 116.8 MB to 116.7 MB.
Total: 2.861600 ms (FindLiveObjects: 0.336000 ms CreateObjectMapping: 0.165600 ms MarkObjects: 2.277600 ms  DeleteObjects: 0.081400 ms)

AssetImportParameters requested are different than current active one (requested -> active):
  custom:video-decoder-ogg-theora: a1e56fd34408186e4bbccfd4996cb3dc -> 
  custom:container-muxer-webm: aa71ff27fc2769a1b78a27578f13a17b -> 
  custom:container-demuxer-webm: 4f35f7cbe854078d1ac9338744f61a02 -> 
  custom:video-encoder-webm-vp8: eb34c28f22e8b96e1ab97ce403110664 -> 
  custom:audio-encoder-webm-vorbis: bf7c407c2cedff20999df2af8eb42d56 -> 
  custom:framework-win-MediaFoundation: 216162199b28c13a410421893ffa2e32 -> 
  custom:container-demuxer-ogg: 62fdf1f143b41e24485cea50d1cbac27 -> 
  custom:video-decoder-webm-vp8: 9c59270c3fd7afecdb556c50c9e8de78 -> 
  custom:audio-decoder-ogg-vorbis: bf7c407c2cedff20999df2af8eb42d56 -> 
========================================================================
Received Import Request.
  Time since last request: 568076.192790 seconds.
  path: Assets/Resources/Prefabs/PatrolArea.prefab
  artifactKey: Guid(3a736ea6532bc4e4f8b9b9b876e042b6) Importer(815301076,1909f56bfc062723c751e8b465ee728b)
Start importing Assets/Resources/Prefabs/PatrolArea.prefab using Guid(3a736ea6532bc4e4f8b9b9b876e042b6) Importer(815301076,1909f56bfc062723c751e8b465ee728b)  -> (artifact id: 'cd5f855d8563fd442aedafe3ef1a4aca') in 0.053176 seconds 
========================================================================
Received Import Request.
  Time since last request: 0.000027 seconds.
  path: Assets/Resources/Prefabs/AsteroidSpawner.prefab
  artifactKey: Guid(7b9d6e50b1c33e343888484e74f0c7c9) Importer(815301076,1909f56bfc062723c751e8b465ee728b)
Start importing Assets/Resources/Prefabs/AsteroidSpawner.prefab using Guid(7b9d6e50b1c33e343888484e74f0c7c9) Importer(815301076,1909f56bfc062723c751e8b465ee728b)  -> (artifact id: 'e998c0d5d07162cd352823bc5c55dbac') in 0.010472 seconds 
========================================================================
Received Import Request.
  Time since last request: 0.000031 seconds.
  path: Assets/Resources/Prefabs/SharedObjects.prefab
  artifactKey: Guid(114da0aaecb15f4488bb600404aa38bd) Importer(815301076,1909f56bfc062723c751e8b465ee728b)
Start importing Assets/Resources/Prefabs/SharedObjects.prefab using Guid(114da0aaecb15f4488bb600404aa38bd) Importer(815301076,1909f56bfc062723c751e8b465ee728b)  -> (artifact id: '8748924e46331f5ec3bcfb8ee59eb0b9') in 0.296912 seconds 
========================================================================
Received Import Request.
  Time since last request: 0.000037 seconds.
  path: Assets/Resources/Prefabs/SpawnerShips.prefab
  artifactKey: Guid(02c60e32db040284a9fd1dac414199e0) Importer(815301076,1909f56bfc062723c751e8b465ee728b)
Start importing Assets/Resources/Prefabs/SpawnerShips.prefab using Guid(02c60e32db040284a9fd1dac414199e0) Importer(815301076,1909f56bfc062723c751e8b465ee728b)  -> (artifact id: '912f03aeef9ef2aa69949078531c92d2') in 0.018340 seconds 
========================================================================
Received Import Request.
  Time since last request: 0.000044 seconds.
  path: Assets/Resources/Prefabs/Coin.prefab
  artifactKey: Guid(638b89a8c9cf1e7428b13491b2d0f291) Importer(815301076,1909f56bfc062723c751e8b465ee728b)
Start importing Assets/Resources/Prefabs/Coin.prefab using Guid(638b89a8c9cf1e7428b13491b2d0f291) Importer(815301076,1909f56bfc062723c751e8b465ee728b)  -> (artifact id: 'daa5f0622da2c11f12c2316d0f998918') in 0.014453 seconds 
========================================================================
Received Import Request.
  Time since last request: 0.000025 seconds.
  path: Assets/Resources/Prefabs/Planet.prefab
  artifactKey: Guid(a9b49ad1a08b05040aa67c35900296a8) Importer(815301076,1909f56bfc062723c751e8b465ee728b)
Start importing Assets/Resources/Prefabs/Planet.prefab using Guid(a9b49ad1a08b05040aa67c35900296a8) Importer(815301076,1909f56bfc062723c751e8b465ee728b)  -> (artifact id: '1c4d82e547624fadd21be3b21d457dca') in 0.011918 seconds 
========================================================================
Received Import Request.
  Time since last request: 0.000022 seconds.
  path: Assets/Resources/Prefabs/SpawnerBonuses.prefab
  artifactKey: Guid(daaa6e60c098b49489a5c114aea125bd) Importer(815301076,1909f56bfc062723c751e8b465ee728b)
Start importing Assets/Resources/Prefabs/SpawnerBonuses.prefab using Guid(daaa6e60c098b49489a5c114aea125bd) Importer(815301076,1909f56bfc062723c751e8b465ee728b)  -> (artifact id: '50f23741282783aadd73cd440bd52f44') in 0.022302 seconds 
========================================================================
Received Import Request.
  Time since last request: 0.000037 seconds.
  path: Assets/Resources/Prefabs/SpawnerShips 1.prefab
  artifactKey: Guid(cdb7bc69e8b01344b81933c827c6f0ed) Importer(815301076,1909f56bfc062723c751e8b465ee728b)
Start importing Assets/Resources/Prefabs/SpawnerShips 1.prefab using Guid(cdb7bc69e8b01344b81933c827c6f0ed) Importer(815301076,1909f56bfc062723c751e8b465ee728b)  -> (artifact id: '07514c287b5e9027284de3228e12ba75') in 0.014389 seconds 
========================================================================
Received Import Request.
  Time since last request: 0.000052 seconds.
  path: Assets/Resources/Prefabs/DamageZone.prefab
  artifactKey: Guid(5dcbad7682e3f934b842a2c50172401c) Importer(815301076,1909f56bfc062723c751e8b465ee728b)
Start importing Assets/Resources/Prefabs/DamageZone.prefab using Guid(5dcbad7682e3f934b842a2c50172401c) Importer(815301076,1909f56bfc062723c751e8b465ee728b)  -> (artifact id: '8f7f7309c62b99161c790b6eff405e38') in 0.010432 seconds 
========================================================================
Received Import Request.
  Time since last request: 529.406800 seconds.
  path: Assets/Resources/Images/LetterA.png
  artifactKey: Guid(992b47ec62925ff4eb566756899eb30e) Importer(815301076,1909f56bfc062723c751e8b465ee728b)
Start importing Assets/Resources/Images/LetterA.png using Guid(992b47ec62925ff4eb566756899eb30e) Importer(815301076,1909f56bfc062723c751e8b465ee728b)  -> (artifact id: '942eb245650fe8d51b789087eef8a84c') in 0.187465 seconds 
========================================================================
Received Import Request.
  Time since last request: 0.000086 seconds.
  path: Assets/Resources/Images/LetterB.png
  artifactKey: Guid(c0633ff4cf31b894da209ac8a43ee0ab) Importer(815301076,1909f56bfc062723c751e8b465ee728b)
Start importing Assets/Resources/Images/LetterB.png using Guid(c0633ff4cf31b894da209ac8a43ee0ab) Importer(815301076,1909f56bfc062723c751e8b465ee728b)  -> (artifact id: 'd5685d3e83ad5fb41b33652c91b3d721') in 0.036144 seconds 
========================================================================
Received Import Request.
  Time since last request: 0.000054 seconds.
  path: Assets/Resources/Images/фон для главного меню.png
  artifactKey: Guid(c6c09814f19c63f49ad64fbc52de31ff) Importer(815301076,1909f56bfc062723c751e8b465ee728b)
Start importing Assets/Resources/Images/фон для главного меню.png using Guid(c6c09814f19c63f49ad64fbc52de31ff) Importer(815301076,1909f56bfc062723c751e8b465ee728b)  -> (artifact id: '2ce8470e80c1508e098e9360896f47ba') in 0.055542 seconds 
========================================================================
Received Import Request.
  Time since last request: 0.000033 seconds.
  path: Assets/Resources/Images/LetterC.png
  artifactKey: Guid(bb68459033e0264498326f4bed395c6f) Importer(815301076,1909f56bfc062723c751e8b465ee728b)
Start importing Assets/Resources/Images/LetterC.png using Guid(bb68459033e0264498326f4bed395c6f) Importer(815301076,1909f56bfc062723c751e8b465ee728b)  -> (artifact id: '87ccbeb0006e7d0999ef1f3a0bf403b5') in 0.034141 seconds 
========================================================================
Received Import Request.
  Time since last request: 2.522367 seconds.
  path: Assets/Resources/Images/Materials/explosion_mat.mat
  artifactKey: Guid(115329c6cd3a63f43b525bd1dccabeac) Importer(815301076,1909f56bfc062723c751e8b465ee728b)
Start importing Assets/Resources/Images/Materials/explosion_mat.mat using Guid(115329c6cd3a63f43b525bd1dccabeac) Importer(815301076,1909f56bfc062723c751e8b465ee728b)  -> (artifact id: 'b49191dabac4cd7e009e873b72cb3599') in 0.106146 seconds 
========================================================================
Received Import Request.
  Time since last request: 0.000030 seconds.
  path: Assets/Resources/Images/Materials/png-transparent-minecraft-pocket-edition-armour-breastplate-gold-texture-blue-rectangle-video-game.mat
  artifactKey: Guid(60544a8decd9b234b848fe440081fcbd) Importer(815301076,1909f56bfc062723c751e8b465ee728b)
Start importing Assets/Resources/Images/Materials/png-transparent-minecraft-pocket-edition-armour-breastplate-gold-texture-blue-rectangle-video-game.mat using Guid(60544a8decd9b234b848fe440081fcbd) Importer(815301076,1909f56bfc062723c751e8b465ee728b)  -> (artifact id: 'a736ad777b96e428d22ec8c312878ea1') in 0.262246 seconds 
========================================================================
Received Import Request.
  Time since last request: 5.752335 seconds.
  path: Assets/Resources/Sprites
  artifactKey: Guid(4f2cd9067cb0885478c63c1746d50298) Importer(815301076,1909f56bfc062723c751e8b465ee728b)
Start importing Assets/Resources/Sprites using Guid(4f2cd9067cb0885478c63c1746d50298) Importer(815301076,1909f56bfc062723c751e8b465ee728b)  -> (artifact id: 'fa4fa31f0d463147a8c63e089aab74bf') in 0.005247 seconds 
========================================================================
Received Import Request.
  Time since last request: 0.017960 seconds.
  path: Assets/Resources/Sprites/ArmorSprite2 1.png
  artifactKey: Guid(db401b5cf85fd8b4a8a57eb5bb704fcc) Importer(815301076,1909f56bfc062723c751e8b465ee728b)
Start importing Assets/Resources/Sprites/ArmorSprite2 1.png using Guid(db401b5cf85fd8b4a8a57eb5bb704fcc) Importer(815301076,1909f56bfc062723c751e8b465ee728b)  -> (artifact id: '5659db968f0e82ead4cbfe3ebb509bda') in 0.021293 seconds 
========================================================================
Received Import Request.
  Time since last request: 0.000206 seconds.
  path: Assets/Resources/Sprites/StickOfJoystick.png
  artifactKey: Guid(f5c6c6fa1a22dfa49b3801de6e227c32) Importer(815301076,1909f56bfc062723c751e8b465ee728b)
Start importing Assets/Resources/Sprites/StickOfJoystick.png using Guid(f5c6c6fa1a22dfa49b3801de6e227c32) Importer(815301076,1909f56bfc062723c751e8b465ee728b)  -> (artifact id: '51914ca9b6fd1863a6b9a08e07758ce9') in 0.034222 seconds 
========================================================================
Received Import Request.
  Time since last request: 0.000144 seconds.
  path: Assets/Resources/Sprites/mat_Stars_01.mat
  artifactKey: Guid(87662bfd959e78b468e6c6064b266a0b) Importer(815301076,1909f56bfc062723c751e8b465ee728b)
Start importing Assets/Resources/Sprites/mat_Stars_01.mat using Guid(87662bfd959e78b468e6c6064b266a0b) Importer(815301076,1909f56bfc062723c751e8b465ee728b)  -> (artifact id: '4ca87a5d62752004d7bc6184dbe7aef3') in 0.046031 seconds 
========================================================================
Received Import Request.
  Time since last request: 0.000059 seconds.
  path: Assets/Resources/Sprites/слайдер для накопителя.png
  artifactKey: Guid(3704b624fde2b404e905f5667d1cb582) Importer(815301076,1909f56bfc062723c751e8b465ee728b)
Start importing Assets/Resources/Sprites/слайдер для накопителя.png using Guid(3704b624fde2b404e905f5667d1cb582) Importer(815301076,1909f56bfc062723c751e8b465ee728b)  -> (artifact id: 'f9db5eb1d04a7ee82aeb8d6315c799db') in 0.028081 seconds 
========================================================================
Received Import Request.
  Time since last request: 0.000098 seconds.
  path: Assets/Resources/Sprites/фон для слейдера здоровья.png
  artifactKey: Guid(3b77991fced144949857223dda53bf9b) Importer(815301076,1909f56bfc062723c751e8b465ee728b)
Start importing Assets/Resources/Sprites/фон для слейдера здоровья.png using Guid(3b77991fced144949857223dda53bf9b) Importer(815301076,1909f56bfc062723c751e8b465ee728b)  -> (artifact id: '86d692c9f223023a19d488865d945f70') in 0.035839 seconds 
========================================================================
Received Import Request.
  Time since last request: 0.000042 seconds.
  path: Assets/Resources/Sprites/AsteroidBeltTexture.png
  artifactKey: Guid(ceec6d1e2f4bb344e8b942304ef73270) Importer(815301076,1909f56bfc062723c751e8b465ee728b)
Start importing Assets/Resources/Sprites/AsteroidBeltTexture.png using Guid(ceec6d1e2f4bb344e8b942304ef73270) Importer(815301076,1909f56bfc062723c751e8b465ee728b)  -> (artifact id: 'e92562e5ca6f38b2c81bf13854cd9900') in 0.062449 seconds 
========================================================================
Received Import Request.
  Time since last request: 0.000225 seconds.
  path: Assets/Resources/Sprites/заготовкаАстероид.png
  artifactKey: Guid(55931e1a821eb094baa081019646694f) Importer(815301076,1909f56bfc062723c751e8b465ee728b)
Start importing Assets/Resources/Sprites/заготовкаАстероид.png using Guid(55931e1a821eb094baa081019646694f) Importer(815301076,1909f56bfc062723c751e8b465ee728b)  -> (artifact id: 'a84591daf8a33d6212b045fd0731426c') in 0.037030 seconds 
========================================================================
Received Import Request.
  Time since last request: 0.000034 seconds.
  path: Assets/Resources/Sprites/новаяпланета.png
  artifactKey: Guid(4c388504f368dd64d86819be18cef631) Importer(815301076,1909f56bfc062723c751e8b465ee728b)
Start importing Assets/Resources/Sprites/новаяпланета.png using Guid(4c388504f368dd64d86819be18cef631) Importer(815301076,1909f56bfc062723c751e8b465ee728b)  -> (artifact id: '2396534ee1a9ffa2e0de599a79db074e') in 0.048558 seconds 
========================================================================
Received Import Request.
  Time since last request: 0.000318 seconds.
  path: Assets/Resources/Sprites/ship.png
  artifactKey: Guid(89d409cb00a0d4d42a55ba77a7443f86) Importer(815301076,1909f56bfc062723c751e8b465ee728b)
Start importing Assets/Resources/Sprites/ship.png using Guid(89d409cb00a0d4d42a55ba77a7443f86) Importer(815301076,1909f56bfc062723c751e8b465ee728b)  -> (artifact id: 'ce3cb6d1642e3904aa5b25c2cda9bd36') in 0.435254 seconds 
========================================================================
Received Import Request.
  Time since last request: 0.000062 seconds.
  path: Assets/Resources/Sprites/HealthSprite2.png
  artifactKey: Guid(7c5eae34f7fdd7a40b46084fadaedd6c) Importer(815301076,1909f56bfc062723c751e8b465ee728b)
Start importing Assets/Resources/Sprites/HealthSprite2.png using Guid(7c5eae34f7fdd7a40b46084fadaedd6c) Importer(815301076,1909f56bfc062723c751e8b465ee728b)  -> (artifact id: '4709665b18b090044bf99e15e261d003') in 0.035309 seconds 
========================================================================
Received Import Request.
  Time since last request: 0.000140 seconds.
  path: Assets/Resources/Sprites/Планета.png
  artifactKey: Guid(6f03a538b4387044a9d51f96a4e9906c) Importer(815301076,1909f56bfc062723c751e8b465ee728b)
Start importing Assets/Resources/Sprites/Планета.png using Guid(6f03a538b4387044a9d51f96a4e9906c) Importer(815301076,1909f56bfc062723c751e8b465ee728b)  -> (artifact id: 'ff8b8bf60631be75b7ead8867446b0a4') in 0.440787 seconds 
========================================================================
Received Import Request.
  Time since last request: 0.000040 seconds.
  path: Assets/Resources/Sprites/фон для слайдера щитов.png
  artifactKey: Guid(e51262b704fd0194597ae06666ccd976) Importer(815301076,1909f56bfc062723c751e8b465ee728b)
Start importing Assets/Resources/Sprites/фон для слайдера щитов.png using Guid(e51262b704fd0194597ae06666ccd976) Importer(815301076,1909f56bfc062723c751e8b465ee728b)  -> (artifact id: '7d5ca1eec20b4f3bb376e51da4ef9f46') in 0.034634 seconds 
========================================================================
Received Import Request.
  Time since last request: 0.000081 seconds.
  path: Assets/Resources/Sprites/laserTurret.png
  artifactKey: Guid(fb108b749ae543b4c82e0a49d1e46588) Importer(815301076,1909f56bfc062723c751e8b465ee728b)
Start importing Assets/Resources/Sprites/laserTurret.png using Guid(fb108b749ae543b4c82e0a49d1e46588) Importer(815301076,1909f56bfc062723c751e8b465ee728b)  -> (artifact id: '34ab53a7481960160c6ab31d02f3d84e') in 0.029677 seconds 
========================================================================
Received Import Request.
  Time since last request: 0.000140 seconds.
  path: Assets/Resources/Sprites/ArrowSprite.png
  artifactKey: Guid(d9564d3f0b7ef664896884469e8585ca) Importer(815301076,1909f56bfc062723c751e8b465ee728b)
Start importing Assets/Resources/Sprites/ArrowSprite.png using Guid(d9564d3f0b7ef664896884469e8585ca) Importer(815301076,1909f56bfc062723c751e8b465ee728b)  -> (artifact id: '5e9fb84befad84c9a3e9dea99127c6a5') in 0.023582 seconds 
========================================================================
Received Import Request.
  Time since last request: 0.000042 seconds.
  path: Assets/Resources/Sprites/RocketSprite.png
  artifactKey: Guid(539da39208eeb6b45999f4178f4653c1) Importer(815301076,1909f56bfc062723c751e8b465ee728b)
Start importing Assets/Resources/Sprites/RocketSprite.png using Guid(539da39208eeb6b45999f4178f4653c1) Importer(815301076,1909f56bfc062723c751e8b465ee728b)  -> (artifact id: '5ccd3664335347b93e9e09f3e4dc4d6f') in 0.022304 seconds 
========================================================================
Received Import Request.
  Time since last request: 0.000042 seconds.
  path: Assets/Resources/Sprites/Слайдер для щитов.png
  artifactKey: Guid(9a464a8f37ca4d24aaffd555bb4e3586) Importer(815301076,1909f56bfc062723c751e8b465ee728b)
Start importing Assets/Resources/Sprites/Слайдер для щитов.png using Guid(9a464a8f37ca4d24aaffd555bb4e3586) Importer(815301076,1909f56bfc062723c751e8b465ee728b)  -> (artifact id: 'e639e637aa85adee5015eb6d0a13a26a') in 0.025830 seconds 
========================================================================
Received Import Request.
  Time since last request: 0.000213 seconds.
  path: Assets/Resources/Sprites/слайдер для брони.png
  artifactKey: Guid(a99a3302b215c9b4ab25e23b8541044d) Importer(815301076,1909f56bfc062723c751e8b465ee728b)
Start importing Assets/Resources/Sprites/слайдер для брони.png using Guid(a99a3302b215c9b4ab25e23b8541044d) Importer(815301076,1909f56bfc062723c751e8b465ee728b)  -> (artifact id: '3a039dda39b79d34a4c580c203a2bd99') in 0.029276 seconds 
========================================================================
Received Import Request.
  Time since last request: 0.000039 seconds.
  path: Assets/Resources/Sprites/Фон для слайдера брони.png
  artifactKey: Guid(364b7046499e284479bdee194ea03eb8) Importer(815301076,1909f56bfc062723c751e8b465ee728b)
Start importing Assets/Resources/Sprites/Фон для слайдера брони.png using Guid(364b7046499e284479bdee194ea03eb8) Importer(815301076,1909f56bfc062723c751e8b465ee728b)  -> (artifact id: 'daa4e67ef5f16d90cdb8836a7cb096a3') in 0.020430 seconds 
========================================================================
Received Import Request.
  Time since last request: 0.000054 seconds.
  path: Assets/Resources/Sprites/фон для накопителя.png
  artifactKey: Guid(3c02fdc31fbb6b943be4ad6a3e460669) Importer(815301076,1909f56bfc062723c751e8b465ee728b)
Start importing Assets/Resources/Sprites/фон для накопителя.png using Guid(3c02fdc31fbb6b943be4ad6a3e460669) Importer(815301076,1909f56bfc062723c751e8b465ee728b)  -> (artifact id: '72c07b78c685f2b8f4f7e04762ce54ad') in 0.017906 seconds 
========================================================================
Received Import Request.
  Time since last request: 0.000032 seconds.
  path: Assets/Resources/Sprites/ship 1.png
  artifactKey: Guid(26f062719962cda48927e10f0e51fc36) Importer(815301076,1909f56bfc062723c751e8b465ee728b)
Start importing Assets/Resources/Sprites/ship 1.png using Guid(26f062719962cda48927e10f0e51fc36) Importer(815301076,1909f56bfc062723c751e8b465ee728b)  -> (artifact id: '61239236d8cea10c783e668294306b9c') in 0.340677 seconds 
========================================================================
Received Import Request.
  Time since last request: 0.000022 seconds.
  path: Assets/Resources/Sprites/pngegg.png
  artifactKey: Guid(fbedf95331ac3d847a302f0fb6493a7c) Importer(815301076,1909f56bfc062723c751e8b465ee728b)
Start importing Assets/Resources/Sprites/pngegg.png using Guid(fbedf95331ac3d847a302f0fb6493a7c) Importer(815301076,1909f56bfc062723c751e8b465ee728b)  -> (artifact id: '9353b19f565df90d3cf13555f23f0b13') in 0.055078 seconds 
========================================================================
Received Import Request.
  Time since last request: 0.000047 seconds.
  path: Assets/Resources/Sprites/слайдер для здоровья.png
  artifactKey: Guid(a86686625a986ca4aa9d2a7f3e5bf0d0) Importer(815301076,1909f56bfc062723c751e8b465ee728b)
Start importing Assets/Resources/Sprites/слайдер для здоровья.png using Guid(a86686625a986ca4aa9d2a7f3e5bf0d0) Importer(815301076,1909f56bfc062723c751e8b465ee728b)  -> (artifact id: 'a416af01f60b69edcaa70f8d6d72fcac') in 0.022727 seconds 
========================================================================
Received Import Request.
  Time since last request: 0.000038 seconds.
  path: Assets/Resources/Sprites/ShieldSprite_2.png
  artifactKey: Guid(07f4949c39c12e448a65b2f367ac9af7) Importer(815301076,1909f56bfc062723c751e8b465ee728b)
Start importing Assets/Resources/Sprites/ShieldSprite_2.png using Guid(07f4949c39c12e448a65b2f367ac9af7) Importer(815301076,1909f56bfc062723c751e8b465ee728b)  -> (artifact id: '15637f58bd41f7943575835bd6d28f42') in 0.024085 seconds 
========================================================================
Received Import Request.
  Time since last request: 0.000030 seconds.
  path: Assets/Resources/Sprites/texture_stars_001.jpg
  artifactKey: Guid(d1c8305218733424f893344a1fba9aa7) Importer(815301076,1909f56bfc062723c751e8b465ee728b)
Start importing Assets/Resources/Sprites/texture_stars_001.jpg using Guid(d1c8305218733424f893344a1fba9aa7) Importer(815301076,1909f56bfc062723c751e8b465ee728b)  -> (artifact id: '8283486f7f03e1a2cc45d9d346b132d7') in 0.055171 seconds 
========================================================================
Received Import Request.
  Time since last request: 0.000029 seconds.
  path: Assets/Resources/Sprites/BackGroundOFJoystick.png
  artifactKey: Guid(bfce6fe04ef085741b2b4accecb87376) Importer(815301076,1909f56bfc062723c751e8b465ee728b)
Start importing Assets/Resources/Sprites/BackGroundOFJoystick.png using Guid(bfce6fe04ef085741b2b4accecb87376) Importer(815301076,1909f56bfc062723c751e8b465ee728b)  -> (artifact id: '3faa26f59138267aa260811603e45518') in 0.046243 seconds 
